<?xml version="1.0" encoding="UTF-8"?>
<!-- Generated by org.testng.reporters.JUnitXMLReporter -->
<testsuite hostname="NINADP" ignored="0" name="createInitializeAcceptBooking" tests="3" failures="0" timestamp="19 Apr 2019 11:52:10 GMT" time="364.615" errors="0">
  <testcase name="createBookingAccept" time="112.301" classname="TestCases.CreateBookingAndAcceptTest"/>
  <testcase name="createBookingReject" time="114.869" classname="TestCases.CreateBookingAndRejectTest"/>
  <testcase name="createBookingTentativeAccept" time="109.646" classname="TestCases.CreateBookingAndTentativeAcceptTest"/>
</testsuite> <!-- createInitializeAcceptBooking -->
