<?xml version="1.0" encoding="UTF-8"?>
<testng-results skipped="0" failed="0" ignored="0" total="1" passed="1">
  <reporter-output>
  </reporter-output>
  <suite name="BookMyEditor TestSuite" duration-ms="136623" started-at="2019-04-01T13:34:53Z" finished-at="2019-04-01T13:37:09Z">
    <groups>
    </groups>
    <test name="createInitializeAcceptBooking" duration-ms="136623" started-at="2019-04-01T13:34:53Z" finished-at="2019-04-01T13:37:09Z">
      <class name="TestCases.CreateBookingRequest">
        <test-method status="PASS" signature="startUp()[pri:0, instance:TestCases.CreateBookingRequest@4b952a2d]" name="startUp" is-config="true" duration-ms="8357" started-at="2019-04-01T19:04:53Z" finished-at="2019-04-01T19:05:01Z">
          <reporter-output>
          </reporter-output>
        </test-method> <!-- startUp -->
        <test-method status="PASS" signature="createBookingOneFL(java.lang.String, java.lang.String, java.lang.String, java.lang.String, java.lang.String, java.lang.String, java.lang.String, java.lang.String, java.lang.String, java.lang.String, java.lang.String, java.lang.String, java.lang.String)[pri:0, instance:TestCases.CreateBookingRequest@4b952a2d]" name="createBookingOneFL" duration-ms="123618" started-at="2019-04-01T19:05:02Z" data-provider="inputsBME" finished-at="2019-04-01T19:07:05Z">
          <params>
            <param index="0">
              <value>
                <![CDATA[dhanashria@cactusglobal.com]]>
              </value>
            </param>
            <param index="1">
              <value>
                <![CDATA[C1234567]]>
              </value>
            </param>
            <param index="2">
              <value>
                <![CDATA[testninadeng6@mailinator.com]]>
              </value>
            </param>
            <param index="3">
              <value>
                <![CDATA[Standard Editing]]>
              </value>
            </param>
            <param index="4">
              <value>
                <![CDATA[Abstract]]>
              </value>
            </param>
            <param index="5">
              <value>
                <![CDATA[Chemistry]]>
              </value>
            </param>
            <param index="6">
              <value>
                <![CDATA[Normal]]>
              </value>
            </param>
            <param index="7">
              <value>
                <![CDATA[100]]>
              </value>
            </param>
            <param index="8">
              <value>
                <![CDATA[Test project]]>
              </value>
            </param>
            <param index="9">
              <value>
                <![CDATA[31/03/2019 18:18]]>
              </value>
            </param>
            <param index="10">
              <value>
                <![CDATA[test]]>
              </value>
            </param>
            <param index="11">
              <value>
                <![CDATA[test1qg2kem7@mailinator.com]]>
              </value>
            </param>
            <param index="12">
              <value>
                <![CDATA[test1qg2kem7]]>
              </value>
            </param>
          </params>
          <reporter-output>
          </reporter-output>
        </test-method> <!-- createBookingOneFL -->
        <test-method status="PASS" signature="tearDown()[pri:0, instance:TestCases.CreateBookingRequest@4b952a2d]" name="tearDown" is-config="true" duration-ms="3867" started-at="2019-04-01T19:07:05Z" finished-at="2019-04-01T19:07:09Z">
          <reporter-output>
          </reporter-output>
        </test-method> <!-- tearDown -->
      </class> <!-- TestCases.CreateBookingRequest -->
    </test> <!-- createInitializeAcceptBooking -->
  </suite> <!-- BookMyEditor TestSuite -->
</testng-results>
